2025-04-02 00:08:01.899 [main] INFO  util.ResourceLoader - reading resource from location: ./test-data/config/default.properties
2025-04-02 00:08:01.907 [main] INFO  util.Config - Test Properties
2025-04-02 00:08:01.907 [main] INFO  util.Config - -----------------
2025-04-02 00:08:01.907 [main] INFO  util.Config - selenium.grid.urlFormat=http://%s:4444/wd/hub
2025-04-02 00:08:01.907 [main] INFO  util.Config - browser=chrome
2025-04-02 00:08:01.907 [main] INFO  util.Config - vendorPortal.url=https://d1uh9e7cu07ukd.cloudfront.net/selenium-docker/vendor-app/index.html
2025-04-02 00:08:01.907 [main] INFO  util.Config - selenium.grid.enabled=true
2025-04-02 00:08:01.908 [main] INFO  util.Config - flightReservation.url=https://d1uh9e7cu07ukd.cloudfront.net/selenium-docker/reservation-app/index.html
2025-04-02 00:08:01.908 [main] INFO  util.Config - selenium.grid.hubHost=localhost
2025-04-02 00:08:01.908 [main] INFO  util.Config - -----------------
2025-04-02 00:08:01.933 [TestNG-tests-2] INFO  org.example.tests.AbstractTest - grid url: http://localhost:4444/wd/hub
2025-04-02 00:08:01.933 [TestNG-tests-1] INFO  org.example.tests.AbstractTest - grid url: http://localhost:4444/wd/hub
2025-04-02 00:08:01.933 [TestNG-tests-3] INFO  org.example.tests.AbstractTest - grid url: http://localhost:4444/wd/hub
2025-04-02 00:08:01.934 [TestNG-tests-2] INFO  org.example.tests.AbstractTest - Returning Remote Driver
2025-04-02 00:08:01.934 [TestNG-tests-1] INFO  org.example.tests.AbstractTest - Returning Remote Driver
2025-04-02 00:08:01.934 [TestNG-tests-3] INFO  org.example.tests.AbstractTest - Returning Remote Driver
2025-04-02 00:08:02.480 [main] INFO  util.ResourceLoader - reading resource from location: ./test-data/config/default.properties
2025-04-02 00:08:02.480 [main] INFO  util.Config - Test Properties
2025-04-02 00:08:02.480 [main] INFO  util.Config - -----------------
2025-04-02 00:08:02.481 [main] INFO  util.Config - selenium.grid.urlFormat=http://%s:4444/wd/hub
2025-04-02 00:08:02.481 [main] INFO  util.Config - browser=chrome
2025-04-02 00:08:02.481 [main] INFO  util.Config - vendorPortal.url=https://d1uh9e7cu07ukd.cloudfront.net/selenium-docker/vendor-app/index.html
2025-04-02 00:08:02.481 [main] INFO  util.Config - selenium.grid.enabled=true
2025-04-02 00:08:02.481 [main] INFO  util.Config - flightReservation.url=https://d1uh9e7cu07ukd.cloudfront.net/selenium-docker/reservation-app/index.html
2025-04-02 00:08:02.481 [main] INFO  util.Config - selenium.grid.hubHost=localhost
2025-04-02 00:08:02.481 [main] INFO  util.Config - -----------------
2025-04-02 00:08:02.482 [TestNG-tests-2] INFO  org.example.tests.AbstractTest - grid url: http://localhost:4444/wd/hub
2025-04-02 00:08:02.482 [TestNG-tests-3] INFO  org.example.tests.AbstractTest - grid url: http://localhost:4444/wd/hub
2025-04-02 00:08:02.482 [TestNG-tests-4] INFO  org.example.tests.AbstractTest - grid url: http://localhost:4444/wd/hub
2025-04-02 00:08:02.482 [TestNG-tests-1] INFO  org.example.tests.AbstractTest - grid url: http://localhost:4444/wd/hub
2025-04-02 00:08:02.482 [TestNG-tests-4] INFO  org.example.tests.AbstractTest - Returning Remote Driver
2025-04-02 00:08:02.482 [TestNG-tests-2] INFO  org.example.tests.AbstractTest - Returning Remote Driver
2025-04-02 00:08:02.482 [TestNG-tests-3] INFO  org.example.tests.AbstractTest - Returning Remote Driver
2025-04-02 00:08:02.482 [TestNG-tests-1] INFO  org.example.tests.AbstractTest - Returning Remote Driver
